# JRE version: OpenJDK Runtime Environment Temurin-21.0.12.1+1 (21.0.12.1+1) (build 21.0.12.1+1-LTS)
# Java VM: OpenJDK 64-Bit Server VM Temurin-21.0.12.1+1 (21.0.12.1+1-LTS, mixed mode, sharing, tiered, compressed oops, compressed class ptrs, parallel gc, windows-amd64)
GC Precious Log:
 CardTable entry size: 512
 CPUs: 12 total, 12 available
 Memory: 7502M
 Large Page Support: Disabled
 NUMA Support: Disabled
 Compressed Oops: Enabled (Zero based)
 Alignments: Space 512K, Generation 512K, Heap 2M
 Heap Min Capacity: 100M
 Heap Initial Capacity: 100M
 Heap Max Capacity: 16G
 Pre-touch: Disabled
 Parallel Workers: 10
Heap:
 PSYoungGen      total 20992K, used 17819K [0x00000006aab00000, 0x00000006ac200000, 0x0000000800000000)
  eden space 19968K, 85% used [0x00000006aab00000,0x00000006abb9ac88,0x00000006abe80000)
  from space 1024K, 79% used [0x00000006ac000000,0x00000006ac0cc050,0x00000006ac100000)
  to   space 1024K, 0% used [0x00000006ac100000,0x00000006ac100000,0x00000006ac200000)
 ParOldGen       total 68608K, used 43291K [0x0000000400000000, 0x0000000404300000, 0x00000006aab00000)
  object space 68608K, 63% used [0x0000000400000000,0x0000000402a46ec8,0x0000000404300000)
 Metaspace       used 61271K, committed 62528K, reserved 1114112K
  class space    used 6488K, committed 7040K, reserved 1048576K
GC Heap History (20 events):
Event: 38.219 GC heap before
{Heap before GC invocations=31 (full 2):
 PSYoungGen      total 25088K, used 25077K [0x00000006aab00000, 0x00000006ac800000, 0x0000000800000000)
  eden space 21504K, 100% used [0x00000006aab00000,0x00000006ac000000,0x00000006ac000000)
  from space 3584K, 99% used [0x00000006ac480000,0x00000006ac7fd770,0x00000006ac800000)
  to   space 4096K, 0% used [0x00000006ac000000,0x00000006ac000000,0x00000006ac400000)
 ParOldGen       total 68608K, used 37962K [0x0000000400000000, 0x0000000404300000, 0x00000006aab00000)
  object space 68608K, 55% used [0x0000000400000000,0x0000000402512a80,0x0000000404300000)
 Metaspace       used 50683K, committed 51904K, reserved 1114112K
  class space    used 5509K, committed 6016K, reserved 1048576K
}
Event: 38.225 GC heap after
{Heap after GC invocations=31 (full 2):
 PSYoungGen      total 23040K, used 1144K [0x00000006aab00000, 0x00000006ac500000, 0x0000000800000000)
  eden space 21504K, 0% used [0x00000006aab00000,0x00000006aab00000,0x00000006ac000000)
  from space 1536K, 74% used [0x00000006ac000000,0x00000006ac11e2e8,0x00000006ac180000)
  to   space 2560K, 0% used [0x00000006ac280000,0x00000006ac280000,0x00000006ac500000)
 ParOldGen       total 68608K, used 41386K [0x0000000400000000, 0x0000000404300000, 0x00000006aab00000)
  object space 68608K, 60% used [0x0000000400000000,0x000000040286aa80,0x0000000404300000)
 Metaspace       used 50683K, committed 51904K, reserved 1114112K
  class space    used 5509K, committed 6016K, reserved 1048576K
}
Event: 38.920 GC heap before
{Heap before GC invocations=32 (full 2):
 PSYoungGen      total 23040K, used 22648K [0x00000006aab00000, 0x00000006ac500000, 0x0000000800000000)
  eden space 21504K, 100% used [0x00000006aab00000,0x00000006ac000000,0x00000006ac000000)
  from space 1536K, 74% used [0x00000006ac000000,0x00000006ac11e2e8,0x00000006ac180000)
  to   space 2560K, 0% used [0x00000006ac280000,0x00000006ac280000,0x00000006ac500000)
 ParOldGen       total 68608K, used 41386K [0x0000000400000000, 0x0000000404300000, 0x00000006aab00000)
  object space 68608K, 60% used [0x0000000400000000,0x000000040286aa80,0x0000000404300000)
 Metaspace       used 52152K, committed 53312K, reserved 1114112K
  class space    used 5650K, committed 6144K, reserved 1048576K
}
Event: 38.924 GC heap after
{Heap after GC invocations=32 (full 2):
 PSYoungGen      total 22016K, used 512K [0x00000006aab00000, 0x00000006ac300000, 0x0000000800000000)
  eden space 21504K, 0% used [0x00000006aab00000,0x00000006aab00000,0x00000006ac000000)
  from space 512K, 100% used [0x00000006ac280000,0x00000006ac300000,0x00000006ac300000)
  to   space 1024K, 0% used [0x00000006ac100000,0x00000006ac100000,0x00000006ac200000)
 ParOldGen       total 68608K, used 42419K [0x0000000400000000, 0x0000000404300000, 0x00000006aab00000)
  object space 68608K, 61% used [0x0000000400000000,0x000000040296cc28,0x0000000404300000)
 Metaspace       used 52152K, committed 53312K, reserved 1114112K
  class space    used 5650K, committed 6144K, reserved 1048576K
}
Event: 39.091 GC heap before
{Heap before GC invocations=33 (full 2):
 PSYoungGen      total 22016K, used 22016K [0x00000006aab00000, 0x00000006ac300000, 0x0000000800000000)
  eden space 21504K, 100% used [0x00000006aab00000,0x00000006ac000000,0x00000006ac000000)
  from space 512K, 100% used [0x00000006ac280000,0x00000006ac300000,0x00000006ac300000)
  to   space 1024K, 0% used [0x00000006ac100000,0x00000006ac100000,0x00000006ac200000)
 ParOldGen       total 68608K, used 42419K [0x0000000400000000, 0x0000000404300000, 0x00000006aab00000)
  object space 68608K, 61% used [0x0000000400000000,0x000000040296cc28,0x0000000404300000)
 Metaspace       used 52357K, committed 53504K, reserved 1114112K
  class space    used 5665K, committed 6144K, reserved 1048576K
}
Event: 39.092 GC heap after
{Heap after GC invocations=33 (full 2):
 PSYoungGen      total 22528K, used 1016K [0x00000006aab00000, 0x00000006ac400000, 0x0000000800000000)
  eden space 21504K, 0% used [0x00000006aab00000,0x00000006aab00000,0x00000006ac000000)
  from space 1024K, 99% used [0x00000006ac100000,0x00000006ac1fe220,0x00000006ac200000)
  to   space 2048K, 0% used [0x00000006ac200000,0x00000006ac200000,0x00000006ac400000)
 ParOldGen       total 68608K, used 42939K [0x0000000400000000, 0x0000000404300000, 0x00000006aab00000)
  object space 68608K, 62% used [0x0000000400000000,0x00000004029eefa0,0x0000000404300000)
 Metaspace       used 52357K, committed 53504K, reserved 1114112K
  class space    used 5665K, committed 6144K, reserved 1048576K
}
Event: 39.351 GC heap before
{Heap before GC invocations=34 (full 2):
 PSYoungGen      total 22528K, used 22520K [0x00000006aab00000, 0x00000006ac400000, 0x0000000800000000)
  eden space 21504K, 100% used [0x00000006aab00000,0x00000006ac000000,0x00000006ac000000)
  from space 1024K, 99% used [0x00000006ac100000,0x00000006ac1fe220,0x00000006ac200000)
  to   space 2048K, 0% used [0x00000006ac200000,0x00000006ac200000,0x00000006ac400000)
 ParOldGen       total 68608K, used 42939K [0x0000000400000000, 0x0000000404300000, 0x00000006aab00000)
  object space 68608K, 62% used [0x0000000400000000,0x00000004029eefa0,0x0000000404300000)
 Metaspace       used 53850K, committed 55040K, reserved 1114112K
  class space    used 5773K, committed 6272K, reserved 1048576K
}
Event: 39.353 GC heap after
{Heap after GC invocations=34 (full 2):
 PSYoungGen      total 22016K, used 352K [0x00000006aab00000, 0x00000006ac280000, 0x0000000800000000)
  eden space 21504K, 0% used [0x00000006aab00000,0x00000006aab00000,0x00000006ac000000)
  from space 512K, 68% used [0x00000006ac200000,0x00000006ac258010,0x00000006ac280000)
  to   space 1024K, 0% used [0x00000006ac080000,0x00000006ac080000,0x00000006ac180000)
 ParOldGen       total 68608K, used 43051K [0x0000000400000000, 0x0000000404300000, 0x00000006aab00000)
  object space 68608K, 62% used [0x0000000400000000,0x0000000402a0afa0,0x0000000404300000)
 Metaspace       used 53850K, committed 55040K, reserved 1114112K
  class space    used 5773K, committed 6272K, reserved 1048576K
}
Event: 40.219 GC heap before
{Heap before GC invocations=35 (full 2):
 PSYoungGen      total 22016K, used 21850K [0x00000006aab00000, 0x00000006ac280000, 0x0000000800000000)
  eden space 21504K, 99% used [0x00000006aab00000,0x00000006abffea88,0x00000006ac000000)
  from space 512K, 68% used [0x00000006ac200000,0x00000006ac258010,0x00000006ac280000)
  to   space 1024K, 0% used [0x00000006ac080000,0x00000006ac080000,0x00000006ac180000)
 ParOldGen       total 68608K, used 43051K [0x0000000400000000, 0x0000000404300000, 0x00000006aab00000)
  object space 68608K, 62% used [0x0000000400000000,0x0000000402a0afa0,0x0000000404300000)
 Metaspace       used 56020K, committed 57152K, reserved 1114112K
  class space    used 6034K, committed 6528K, reserved 1048576K
}
Event: 40.221 GC heap after
{Heap after GC invocations=35 (full 2):
 PSYoungGen      total 22528K, used 1023K [0x00000006aab00000, 0x00000006ac300000, 0x0000000800000000)
  eden space 21504K, 0% used [0x00000006aab00000,0x00000006aab00000,0x00000006ac000000)
  from space 1024K, 99% used [0x00000006ac080000,0x00000006ac17fef8,0x00000006ac180000)
  to   space 1536K, 0% used [0x00000006ac180000,0x00000006ac180000,0x00000006ac300000)
 ParOldGen       total 68608K, used 43195K [0x0000000400000000, 0x0000000404300000, 0x00000006aab00000)
  object space 68608K, 62% used [0x0000000400000000,0x0000000402a2efa0,0x0000000404300000)
 Metaspace       used 56020K, committed 57152K, reserved 1114112K
  class space    used 6034K, committed 6528K, reserved 1048576K
}
Event: 40.859 GC heap before
{Heap before GC invocations=36 (full 2):
 PSYoungGen      total 22528K, used 22495K [0x00000006aab00000, 0x00000006ac300000, 0x0000000800000000)
  eden space 21504K, 99% used [0x00000006aab00000,0x00000006abff8018,0x00000006ac000000)
  from space 1024K, 99% used [0x00000006ac080000,0x00000006ac17fef8,0x00000006ac180000)
  to   space 1536K, 0% used [0x00000006ac180000,0x00000006ac180000,0x00000006ac300000)
 ParOldGen       total 68608K, used 43195K [0x0000000400000000, 0x0000000404300000, 0x00000006aab00000)
  object space 68608K, 62% used [0x0000000400000000,0x0000000402a2efa0,0x0000000404300000)
 Metaspace       used 57884K, committed 59200K, reserved 1114112K
  class space    used 6225K, committed 6848K, reserved 1048576K
}
Event: 40.864 GC heap after
{Heap after GC invocations=36 (full 2):
 PSYoungGen      total 21504K, used 1518K [0x00000006aab00000, 0x00000006ac600000, 0x0000000800000000)
  eden space 19968K, 0% used [0x00000006aab00000,0x00000006aab00000,0x00000006abe80000)
  from space 1536K, 98% used [0x00000006ac180000,0x00000006ac2fbbc8,0x00000006ac300000)
  to   space 3072K, 0% used [0x00000006abe80000,0x00000006abe80000,0x00000006ac180000)
 ParOldGen       total 68608K, used 44003K [0x0000000400000000, 0x0000000404300000, 0x00000006aab00000)
  object space 68608K, 64% used [0x0000000400000000,0x0000000402af8e58,0x0000000404300000)
 Metaspace       used 57884K, committed 59200K, reserved 1114112K
  class space    used 6225K, committed 6848K, reserved 1048576K
}
Event: 41.088 GC heap before
{Heap before GC invocations=37 (full 2):
 PSYoungGen      total 21504K, used 8016K [0x00000006aab00000, 0x00000006ac600000, 0x0000000800000000)
  eden space 19968K, 32% used [0x00000006aab00000,0x00000006ab158520,0x00000006abe80000)
  from space 1536K, 98% used [0x00000006ac180000,0x00000006ac2fbbc8,0x00000006ac300000)
  to   space 3072K, 0% used [0x00000006abe80000,0x00000006abe80000,0x00000006ac180000)
 ParOldGen       total 68608K, used 44003K [0x0000000400000000, 0x0000000404300000, 0x00000006aab00000)
  object space 68608K, 64% used [0x0000000400000000,0x0000000402af8e58,0x0000000404300000)
 Metaspace       used 58527K, committed 59776K, reserved 1114112K
  class space    used 6282K, committed 6848K, reserved 1048576K
}
Event: 41.091 GC heap after
{Heap after GC invocations=37 (full 2):
 PSYoungGen      total 23040K, used 1012K [0x00000006aab00000, 0x00000006ac300000, 0x0000000800000000)
  eden space 19968K, 0% used [0x00000006aab00000,0x00000006aab00000,0x00000006abe80000)
  from space 3072K, 32% used [0x00000006abe80000,0x00000006abf7d150,0x00000006ac180000)
  to   space 1536K, 0% used [0x00000006ac180000,0x00000006ac180000,0x00000006ac300000)
 ParOldGen       total 68608K, used 45196K [0x0000000400000000, 0x0000000404300000, 0x00000006aab00000)
  object space 68608K, 65% used [0x0000000400000000,0x0000000402c23218,0x0000000404300000)
 Metaspace       used 58527K, committed 59776K, reserved 1114112K
  class space    used 6282K, committed 6848K, reserved 1048576K
}
Event: 41.091 GC heap before
{Heap before GC invocations=38 (full 3):
 PSYoungGen      total 23040K, used 1012K [0x00000006aab00000, 0x00000006ac300000, 0x0000000800000000)
  eden space 19968K, 0% used [0x00000006aab00000,0x00000006aab00000,0x00000006abe80000)
  from space 3072K, 32% used [0x00000006abe80000,0x00000006abf7d150,0x00000006ac180000)
  to   space 1536K, 0% used [0x00000006ac180000,0x00000006ac180000,0x00000006ac300000)
 ParOldGen       total 68608K, used 45196K [0x0000000400000000, 0x0000000404300000, 0x00000006aab00000)
  object space 68608K, 65% used [0x0000000400000000,0x0000000402c23218,0x0000000404300000)
 Metaspace       used 58527K, committed 59776K, reserved 1114112K
  class space    used 6282K, committed 6848K, reserved 1048576K
}
Event: 41.218 GC heap after
{Heap after GC invocations=38 (full 3):
 PSYoungGen      total 23040K, used 0K [0x00000006aab00000, 0x00000006ac300000, 0x0000000800000000)
  eden space 19968K, 0% used [0x00000006aab00000,0x00000006aab00000,0x00000006abe80000)
  from space 3072K, 0% used [0x00000006abe80000,0x00000006abe80000,0x00000006ac180000)
  to   space 1536K, 0% used [0x00000006ac180000,0x00000006ac180000,0x00000006ac300000)
 ParOldGen       total 68608K, used 42488K [0x0000000400000000, 0x0000000404300000, 0x00000006aab00000)
  object space 68608K, 61% used [0x0000000400000000,0x000000040297e030,0x0000000404300000)
 Metaspace       used 58527K, committed 59776K, reserved 1114112K
  class space    used 6282K, committed 6848K, reserved 1048576K
}
Event: 5267.963 GC heap before
{Heap before GC invocations=39 (full 3):
 PSYoungGen      total 23040K, used 19968K [0x00000006aab00000, 0x00000006ac300000, 0x0000000800000000)
  eden space 19968K, 100% used [0x00000006aab00000,0x00000006abe80000,0x00000006abe80000)
  from space 3072K, 0% used [0x00000006abe80000,0x00000006abe80000,0x00000006ac180000)
  to   space 1536K, 0% used [0x00000006ac180000,0x00000006ac180000,0x00000006ac300000)
 ParOldGen       total 68608K, used 42488K [0x0000000400000000, 0x0000000404300000, 0x00000006aab00000)
  object space 68608K, 61% used [0x0000000400000000,0x000000040297e030,0x0000000404300000)
 Metaspace       used 60179K, committed 61568K, reserved 1114112K
  class space    used 6423K, committed 7040K, reserved 1048576K
}
Event: 5268.164 GC heap after
{Heap after GC invocations=39 (full 3):
 PSYoungGen      total 21504K, used 1049K [0x00000006aab00000, 0x00000006ac300000, 0x0000000800000000)
  eden space 19968K, 0% used [0x00000006aab00000,0x00000006aab00000,0x00000006abe80000)
  from space 1536K, 68% used [0x00000006ac180000,0x00000006ac2864d0,0x00000006ac300000)
  to   space 1536K, 0% used [0x00000006ac000000,0x00000006ac000000,0x00000006ac180000)
 ParOldGen       total 68608K, used 42496K [0x0000000400000000, 0x0000000404300000, 0x00000006aab00000)
  object space 68608K, 61% used [0x0000000400000000,0x0000000402980030,0x0000000404300000)
 Metaspace       used 60179K, committed 61568K, reserved 1114112K
  class space    used 6423K, committed 7040K, reserved 1048576K
}
Event: 5278.555 GC heap before
{Heap before GC invocations=40 (full 3):
 PSYoungGen      total 21504K, used 21017K [0x00000006aab00000, 0x00000006ac300000, 0x0000000800000000)
  eden space 19968K, 100% used [0x00000006aab00000,0x00000006abe80000,0x00000006abe80000)
  from space 1536K, 68% used [0x00000006ac180000,0x00000006ac2864d0,0x00000006ac300000)
  to   space 1536K, 0% used [0x00000006ac000000,0x00000006ac000000,0x00000006ac180000)
 ParOldGen       total 68608K, used 42496K [0x0000000400000000, 0x0000000404300000, 0x00000006aab00000)
  object space 68608K, 61% used [0x0000000400000000,0x0000000402980030,0x0000000404300000)
 Metaspace       used 60858K, committed 62144K, reserved 1114112K
  class space    used 6485K, committed 7040K, reserved 1048576K
}
Event: 5278.569 GC heap after
{Heap after GC invocations=40 (full 3):
 PSYoungGen      total 20992K, used 816K [0x00000006aab00000, 0x00000006ac200000, 0x0000000800000000)
  eden space 19968K, 0% used [0x00000006aab00000,0x00000006aab00000,0x00000006abe80000)
  from space 1024K, 79% used [0x00000006ac000000,0x00000006ac0cc050,0x00000006ac100000)
  to   space 1024K, 0% used [0x00000006ac100000,0x00000006ac100000,0x00000006ac200000)
 ParOldGen       total 68608K, used 43291K [0x0000000400000000, 0x0000000404300000, 0x00000006aab00000)
  object space 68608K, 63% used [0x0000000400000000,0x0000000402a46ec8,0x0000000404300000)
 Metaspace       used 60858K, committed 62144K, reserved 1114112K
  class space    used 6485K, committed 7040K, reserved 1048576K
}

